0 info it worked if it ends with ok
1 verbose cli [ '/Users/jakkiraj/.nvm/versions/node/v4.4.6/bin/node',
1 verbose cli   '/Users/jakkiraj/.nvm/versions/node/v4.4.6/bin/npm',
1 verbose cli   'start' ]
2 info using npm@3.10.2
3 info using node@v4.4.6
4 verbose run-script [ 'prestart', 'start', 'poststart' ]
5 info lifecycle photogrid@1.0.0~prestart: photogrid@1.0.0
6 silly lifecycle photogrid@1.0.0~prestart: no script for prestart, continuing
7 info lifecycle photogrid@1.0.0~start: photogrid@1.0.0
8 verbose lifecycle photogrid@1.0.0~start: unsafe-perm in lifecycle true
9 verbose lifecycle photogrid@1.0.0~start: PATH: /Users/jakkiraj/.nvm/versions/node/v4.4.6/lib/node_modules/npm/bin/node-gyp-bin:/Applications/MAMP/htdocs/photogrid/node_modules/.bin:/Users/jakkiraj/.nvm/versions/node/v4.4.6/bin:/Users/jakkiraj/.nvm/versions/node/v4.4.6/bin:/usr/local/bin:/usr/bin:/bin:/usr/sbin:/sbin:/usr/local/git/bin
10 verbose lifecycle photogrid@1.0.0~start: CWD: /Applications/MAMP/htdocs/photogrid
11 silly lifecycle photogrid@1.0.0~start: Args: [ '-c', 'node script.js' ]
12 silly lifecycle photogrid@1.0.0~start: Returned: code: 1  signal: null
13 info lifecycle photogrid@1.0.0~start: Failed to exec start script
14 verbose stack Error: photogrid@1.0.0 start: `node script.js`
14 verbose stack Exit status 1
14 verbose stack     at EventEmitter.<anonymous> (/Users/jakkiraj/.nvm/versions/node/v4.4.6/lib/node_modules/npm/lib/utils/lifecycle.js:242:16)
14 verbose stack     at emitTwo (events.js:87:13)
14 verbose stack     at EventEmitter.emit (events.js:172:7)
14 verbose stack     at ChildProcess.<anonymous> (/Users/jakkiraj/.nvm/versions/node/v4.4.6/lib/node_modules/npm/lib/utils/spawn.js:40:14)
14 verbose stack     at emitTwo (events.js:87:13)
14 verbose stack     at ChildProcess.emit (events.js:172:7)
14 verbose stack     at maybeClose (internal/child_process.js:827:16)
14 verbose stack     at Process.ChildProcess._handle.onexit (internal/child_process.js:211:5)
15 verbose pkgid photogrid@1.0.0
16 verbose cwd /Applications/MAMP/htdocs/photogrid
17 error Darwin 15.3.0
18 error argv "/Users/jakkiraj/.nvm/versions/node/v4.4.6/bin/node" "/Users/jakkiraj/.nvm/versions/node/v4.4.6/bin/npm" "start"
19 error node v4.4.6
20 error npm  v3.10.2
21 error code ELIFECYCLE
22 error photogrid@1.0.0 start: `node script.js`
22 error Exit status 1
23 error Failed at the photogrid@1.0.0 start script 'node script.js'.
23 error Make sure you have the latest version of node.js and npm installed.
23 error If you do, this is most likely a problem with the photogrid package,
23 error not with npm itself.
23 error Tell the author that this fails on your system:
23 error     node script.js
23 error You can get information on how to open an issue for this project with:
23 error     npm bugs photogrid
23 error Or if that isn't available, you can get their info via:
23 error     npm owner ls photogrid
23 error There is likely additional logging output above.
24 verbose exit [ 1, true ]
